<?xml version="1.0" encoding="utf-8"?><testsuites name="pytest tests"><testsuite name="pytest" errors="0" failures="0" skipped="0" tests="18" time="14.325" timestamp="2026-07-16T07:29:58.006647+00:00" hostname="agent-env-0f55f973-1364-4048-ab02-f896cdc44ddd"><testcase classname="tests.test_p1_features.TestPasswordReset" name="test_forgot_password_existing_user_returns_ok" time="0.975" /><testcase classname="tests.test_p1_features.TestCheckout" name="test_create_checkout_session" time="1.075" /><testcase classname="tests.test_p1_features.TestPasswordReset" name="test_forgot_password_nonexistent_returns_ok" time="0.101" /><testcase classname="tests.test_p1_features.TestCheckout" name="test_create_checkout_invalid_plan_returns_422" time="0.103" /><testcase classname="tests.test_p1_features.TestPasswordReset" name="test_reset_password_invalid_token_returns_400" time="0.107" /><testcase classname="tests.test_p1_features.TestCheckout" name="test_checkout_status_for_own_session" time="0.341" /><testcase classname="tests.test_p1_features.TestPasswordReset" name="test_reset_password_short_password_returns_400" time="0.095" /><testcase classname="tests.test_p1_features.TestPasswordReset" name="test_reset_password_full_flow_and_used_token" time="2.219" /><testcase classname="tests.test_p1_features.TestCheckout" name="test_checkout_status_unknown_session_returns_404" time="0.229" /><testcase classname="tests.test_p1_features.TestCheckout" name="test_checkout_session_requires_auth" time="0.098" /><testcase classname="tests.test_p1_features.TestAdminOpenRouter" name="test_non_admin_put_returns_403" time="0.125" /><testcase classname="tests.test_p1_features.TestAdminOpenRouter" name="test_admin_put_openrouter_ok" time="0.410" /><testcase classname="tests.test_p1_features.TestAdminOpenRouter" name="test_admin_put_invalid_provider_returns_422" time="0.302" /><testcase classname="tests.test_p1_features.TestChatOpenRouterAndRegression" name="test_openrouter_stream_real_deltas" time="5.924" /><testcase classname="tests.test_p1_features.TestPlansAndSubscription" name="test_plans_returns_three_plans" time="0.101" /><testcase classname="tests.test_p1_features.TestPlansAndSubscription" name="test_subscription_default_is_free" time="0.422" /><testcase classname="tests.test_p1_features.TestPlansAndSubscription" name="test_subscription_requires_auth" time="0.092" /><testcase classname="tests.test_p1_features.TestChatOpenRouterAndRegression" name="test_openai_default_stream_structured" time="5.172" /></testsuite></testsuites>