<?xml version="1.0" encoding="utf-8"?><testsuites name="pytest tests"><testsuite name="pytest" errors="0" failures="0" skipped="0" tests="16" time="8.312" timestamp="2026-07-16T06:54:33.312359+00:00" hostname="agent-env-0f55f973-1364-4048-ab02-f896cdc44ddd"><testcase classname="tests.backend_test.TestAuth" name="test_register_duplicate_email_returns_400" time="0.443" /><testcase classname="tests.backend_test.TestAuth" name="test_login_wrong_password_returns_401" time="0.322" /><testcase classname="tests.backend_test.TestChatAndConversations" name="test_chat_stream_real_llm" time="7.295" /><testcase classname="tests.backend_test.TestAuth" name="test_login_and_me" time="0.454" /><testcase classname="tests.backend_test.TestAuth" name="test_register_new_user_returns_token" time="0.448" /><testcase classname="tests.backend_test.TestAuth" name="test_logout_ok" time="0.097" /><testcase classname="tests.backend_test.TestAuth" name="test_protected_without_token_returns_401" time="0.421" /><testcase classname="tests.backend_test.TestOnboardingCompany" name="test_onboarding_marks_user_complete" time="0.765" /><testcase classname="tests.backend_test.TestOnboardingCompany" name="test_company_update_persists" time="0.202" /><testcase classname="tests.backend_test.TestAdmin" name="test_non_admin_forbidden" time="0.093" /><testcase classname="tests.backend_test.TestAdmin" name="test_admin_get_and_put_config" time="0.516" /><testcase classname="tests.backend_test" name="test_health_root" time="0.473" /><testcase classname="tests.backend_test.TestProfile" name="test_profile_update" time="0.200" /><testcase classname="tests.backend_test.TestChatAndConversations" name="test_conversation_persistence" time="0.237" /><testcase classname="tests.backend_test.TestChatAndConversations" name="test_conversation_search" time="0.098" /><testcase classname="tests.backend_test.TestChatAndConversations" name="test_conversation_delete" time="0.191" /></testsuite></testsuites>